<?xml version="1.0" encoding="UTF-8"?>
<!-- Generated by org.testng.reporters.JUnitReportReporter -->
<testsuite skipped="0" hostname="DESKTOP-987SG1D" name="com.wordpress.qa.testcases.HomePageTest" tests="3" failures="0" timestamp="2020-07-22T09:57:50 IST" time="31.042" errors="0">
  <testcase name="wishlistTest" time="9.758" classname="com.wordpress.qa.testcases.HomePageTest"/>
  <system-out/>
  <testcase name="verifiloginBtn" time="10.914" classname="com.wordpress.qa.testcases.HomePageTest"/>
  <system-out/>
  <testcase name="verifyNeewUser" time="10.370" classname="com.wordpress.qa.testcases.HomePageTest"/>
  <system-out/>
</testsuite> <!-- com.wordpress.qa.testcases.HomePageTest -->
