<?xml version="1.0" encoding="UTF-8"?>
<!-- Generated by org.testng.reporters.JUnitReportReporter -->
<testsuite skipped="0" hostname="DESKTOP-987SG1D" name="com.wordpress.qa.testcases.newUserPageTest" tests="1" failures="0" timestamp="2020-07-22T09:57:50 IST" time="36.377" errors="0">
  <testcase name="wishlistTest" time="36.377" classname="com.wordpress.qa.testcases.newUserPageTest"/>
  <system-out/>
</testsuite> <!-- com.wordpress.qa.testcases.newUserPageTest -->
