<?xml version="1.0" encoding="UTF-8"?>
<!-- Generated by org.testng.reporters.JUnitReportReporter -->
<testsuite skipped="0" hostname="DESKTOP-987SG1D" name="com.wordpress.qa.testcases.NewAppoimentPageTest" tests="1" failures="0" timestamp="2020-07-22T09:57:50 IST" time="31.461" errors="0">
  <testcase name="loginTest" time="31.461" classname="com.wordpress.qa.testcases.NewAppoimentPageTest"/>
  <system-out/>
</testsuite> <!-- com.wordpress.qa.testcases.NewAppoimentPageTest -->
